<?xml version="1.0" encoding="UTF-8"?>
<!-- Generated by org.testng.reporters.JUnitXMLReporter -->
<testsuite ignored="0" hostname="Joshi-DELL-Laptop" failures="0" tests="2" name="Login or Sign Up in the Home Page" time="46.0" errors="0" timestamp="2020-11-23T12:31:32 GMT">
  <testcase classname="E2ESpicejet.Spicejet.LoginSignUpTests" name="spiceClubLogin" time="18.009"/>
  <testcase classname="E2ESpicejet.Spicejet.LoginSignUpTests" name="spiceClubLogin" time="16.349"/>
</testsuite> <!-- Login or Sign Up in the Home Page -->
