<?xml version="1.0" encoding="UTF-8"?>
<!-- Generated by org.testng.reporters.JUnitXMLReporter -->
<testsuite ignored="0" hostname="Joshi-DELL-Laptop" failures="0" tests="2" name="Search Flights" time="53.043" errors="0" timestamp="2020-11-23T12:24:45 GMT">
  <testcase classname="E2ESpicejet.Spicejet.FlightSearchTests" name="flightBooking" time="41.929"/>
  <testcase classname="E2ESpicejet.Spicejet.FlightSearchTests" name="flightBookingSearch" time="5.308"/>
</testsuite> <!-- Search Flights -->
