<?xml version="1.0" encoding="UTF-8"?>
<!-- Generated by org.testng.reporters.JUnitXMLReporter -->
<testsuite ignored="0" hostname="Joshi-DELL-Laptop" failures="0" tests="3" name="Test" time="60.692" errors="0" timestamp="2020-11-19T12:02:35 GMT">
  <testcase classname="E2ESpicejet.Spicejet.HomePageTest" name="flightBooking" time="19.807"/>
  <testcase classname="E2ESpicejet.Spicejet.HomePageTest" name="spiceClubLogin" time="17.776"/>
  <testcase classname="E2ESpicejet.Spicejet.HomePageTest" name="spiceClubLogin" time="17.28"/>
</testsuite> <!-- Test -->
