<?xml version="1.0" encoding="UTF-8"?>
<!-- Generated by org.testng.reporters.JUnitXMLReporter -->
<testsuite ignored="0" hostname="JOSHIs-DESKTOP" failures="0" tests="2" name="Login or Sign Up in the Home Page" time="44.82" errors="0" timestamp="2020-11-23T22:47:03 GMT">
  <testcase classname="E2ESpicejet.Spicejet.LoginSignUpTests" name="spiceClubLogin" time="17.528"/>
  <testcase classname="E2ESpicejet.Spicejet.LoginSignUpTests" name="spiceClubLogin" time="16.361"/>
</testsuite> <!-- Login or Sign Up in the Home Page -->
