<?xml version="1.0" encoding="UTF-8"?>
<testng-results ignored="0" total="2" passed="2" failed="0" skipped="0">
  <reporter-output>
  </reporter-output>
  <suite started-at="2020-11-23T22:46:18 GMT" name="Suite" finished-at="2020-11-23T22:47:03 GMT" duration-ms="44820">
    <groups>
    </groups>
    <test started-at="2020-11-23T22:46:18 GMT" name="Login or Sign Up in the Home Page" finished-at="2020-11-23T22:47:03 GMT" duration-ms="44820">
      <class name="E2ESpicejet.Spicejet.LoginSignUpTests">
        <test-method is-config="true" signature="initialise()[pri:0, instance:E2ESpicejet.Spicejet.LoginSignUpTests@45a4b042]" started-at="2020-11-23T22:46:18 GMT" name="initialise" finished-at="2020-11-23T22:46:29 GMT" duration-ms="10828" status="PASS">
          <reporter-output>
          </reporter-output>
        </test-method> <!-- initialise -->
        <test-method signature="spiceClubLogin(java.lang.String, java.lang.String)[pri:0, instance:E2ESpicejet.Spicejet.LoginSignUpTests@45a4b042]" started-at="2020-11-23T22:46:29 GMT" name="spiceClubLogin" data-provider="getData" finished-at="2020-11-23T22:46:47 GMT" duration-ms="17528" status="PASS">
          <params>
            <param index="0">
              <value>
                <![CDATA[7208935924]]>
              </value>
            </param>
            <param index="1">
              <value>
                <![CDATA[password]]>
              </value>
            </param>
          </params>
          <reporter-output>
          </reporter-output>
        </test-method> <!-- spiceClubLogin -->
        <test-method signature="spiceClubLogin(java.lang.String, java.lang.String)[pri:0, instance:E2ESpicejet.Spicejet.LoginSignUpTests@45a4b042]" started-at="2020-11-23T22:46:47 GMT" name="spiceClubLogin" data-provider="getData" finished-at="2020-11-23T22:47:03 GMT" duration-ms="16361" status="PASS">
          <params>
            <param index="0">
              <value>
                <![CDATA[charithats@gmail.com]]>
              </value>
            </param>
            <param index="1">
              <value>
                <![CDATA[spicejet]]>
              </value>
            </param>
          </params>
          <reporter-output>
          </reporter-output>
        </test-method> <!-- spiceClubLogin -->
        <test-method is-config="true" signature="tearDown()[pri:0, instance:E2ESpicejet.Spicejet.LoginSignUpTests@45a4b042]" started-at="2020-11-23T22:47:03 GMT" name="tearDown" finished-at="2020-11-23T22:47:03 GMT" duration-ms="83" status="PASS">
          <reporter-output>
          </reporter-output>
        </test-method> <!-- tearDown -->
      </class> <!-- E2ESpicejet.Spicejet.LoginSignUpTests -->
    </test> <!-- Login or Sign Up in the Home Page -->
  </suite> <!-- Suite -->
</testng-results>
