<?xml version="1.0" encoding="UTF-8"?>
<testng-results ignored="0" total="1" passed="1" failed="0" skipped="0">
  <reporter-output>
  </reporter-output>
  <suite started-at="2020-11-23T22:42:52 GMT" name="Suite" finished-at="2020-11-23T22:43:25 GMT" duration-ms="33254">
    <groups>
      <group name="cucumber">
        <method signature="AbstractTestNGCucumberTests.feature(cucumber.api.testng.CucumberFeatureWrapper)[pri:0, instance:CucumberOptions.TestRunner@5026735c]" name="feature" class="cucumber.api.testng.AbstractTestNGCucumberTests"/>
      </group> <!-- cucumber -->
    </groups>
    <test started-at="2020-11-23T22:42:52 GMT" name="Validating the positive test" finished-at="2020-11-23T22:43:25 GMT" duration-ms="33254">
      <class name="CucumberOptions.TestRunner">
        <test-method is-config="true" signature="setUpClass()[pri:0, instance:CucumberOptions.TestRunner@5026735c]" started-at="2020-11-23T22:42:52 GMT" name="setUpClass" finished-at="2020-11-23T22:42:52 GMT" duration-ms="171" status="PASS">
          <reporter-output>
          </reporter-output>
        </test-method> <!-- setUpClass -->
        <test-method signature="feature(cucumber.api.testng.CucumberFeatureWrapper)[pri:0, instance:CucumberOptions.TestRunner@5026735c]" started-at="2020-11-23T22:42:52 GMT" name="feature" description="Runs Cucumber Feature" data-provider="features" finished-at="2020-11-23T22:43:25 GMT" duration-ms="33007" status="PASS">
          <params>
            <param index="0">
              <value>
                <![CDATA[Login/Signin into Spicejet.com]]>
              </value>
            </param>
          </params>
          <reporter-output>
          </reporter-output>
        </test-method> <!-- feature -->
        <test-method is-config="true" signature="tearDownClass()[pri:0, instance:CucumberOptions.TestRunner@5026735c]" started-at="2020-11-23T22:43:25 GMT" name="tearDownClass" finished-at="2020-11-23T22:43:25 GMT" duration-ms="3" status="PASS">
          <reporter-output>
          </reporter-output>
        </test-method> <!-- tearDownClass -->
      </class> <!-- CucumberOptions.TestRunner -->
    </test> <!-- Validating the positive test -->
  </suite> <!-- Suite -->
</testng-results>
